<?xml version="1.0" encoding="UTF-8"?>
<testsuite xmlns:xsi="http://www.w3.org/2001/XMLSchema-instance" xsi:noNamespaceSchemaLocation="https://maven.apache.org/surefire/maven-surefire-plugin/xsd/surefire-test-report-3.0.xsd" version="3.0" name="BankAccountTest" time="0.173" tests="6" errors="0" skipped="0" failures="0">
  <properties>
    <property name="java.specification.version" value="21"/>
    <property name="sun.cpu.isalist" value="amd64"/>
    <property name="sun.jnu.encoding" value="Cp1252"/>
    <property name="java.class.path" value="C:\Users\esc\OneDrive\Documents\program analysis\program_analysis\java\original\target\test-classes;C:\Users\esc\OneDrive\Documents\program analysis\program_analysis\java\original\target\classes;C:\Users\esc\.m2\repository\org\junit\jupiter\junit-jupiter-api\5.8.2\junit-jupiter-api-5.8.2.jar;C:\Users\esc\.m2\repository\org\opentest4j\opentest4j\1.2.0\opentest4j-1.2.0.jar;C:\Users\esc\.m2\repository\org\junit\platform\junit-platform-commons\1.8.2\junit-platform-commons-1.8.2.jar;C:\Users\esc\.m2\repository\org\apiguardian\apiguardian-api\1.1.2\apiguardian-api-1.1.2.jar;C:\Users\esc\.m2\repository\org\junit\jupiter\junit-jupiter-engine\5.8.2\junit-jupiter-engine-5.8.2.jar;C:\Users\esc\.m2\repository\org\junit\platform\junit-platform-engine\1.8.2\junit-platform-engine-1.8.2.jar;"/>
    <property name="java.vm.vendor" value="Oracle Corporation"/>
    <property name="sun.arch.data.model" value="64"/>
    <property name="user.variant" value=""/>
    <property name="java.vendor.url" value="https://java.oracle.com/"/>
    <property name="user.timezone" value="Europe/Copenhagen"/>
    <property name="user.country.format" value="DK"/>
    <property name="os.name" value="Windows 10"/>
    <property name="java.vm.specification.version" value="21"/>
    <property name="sun.java.launcher" value="SUN_STANDARD"/>
    <property name="user.country" value="US"/>
    <property name="sun.boot.library.path" value="C:\Program Files\Java\jdk-21\bin"/>
    <property name="sun.java.command" value="C:\Users\esc\AppData\Local\Temp\surefire8206613469430973471\surefirebooter-20241127201907341_3.jar C:\Users\esc\AppData\Local\Temp\surefire8206613469430973471 2024-11-27T20-19-05_730-jvmRun1 surefire-20241127201907341_1tmp surefire_0-20241127201907341_2tmp"/>
    <property name="jdk.debug" value="release"/>
    <property name="surefire.test.class.path" value="C:\Users\esc\OneDrive\Documents\program analysis\program_analysis\java\original\target\test-classes;C:\Users\esc\OneDrive\Documents\program analysis\program_analysis\java\original\target\classes;C:\Users\esc\.m2\repository\org\junit\jupiter\junit-jupiter-api\5.8.2\junit-jupiter-api-5.8.2.jar;C:\Users\esc\.m2\repository\org\opentest4j\opentest4j\1.2.0\opentest4j-1.2.0.jar;C:\Users\esc\.m2\repository\org\junit\platform\junit-platform-commons\1.8.2\junit-platform-commons-1.8.2.jar;C:\Users\esc\.m2\repository\org\apiguardian\apiguardian-api\1.1.2\apiguardian-api-1.1.2.jar;C:\Users\esc\.m2\repository\org\junit\jupiter\junit-jupiter-engine\5.8.2\junit-jupiter-engine-5.8.2.jar;C:\Users\esc\.m2\repository\org\junit\platform\junit-platform-engine\1.8.2\junit-platform-engine-1.8.2.jar;"/>
    <property name="sun.cpu.endian" value="little"/>
    <property name="user.home" value="C:\Users\esc"/>
    <property name="user.language" value="en"/>
    <property name="java.specification.vendor" value="Oracle Corporation"/>
    <property name="java.version.date" value="2024-01-16"/>
    <property name="java.home" value="C:\Program Files\Java\jdk-21"/>
    <property name="file.separator" value="\"/>
    <property name="basedir" value="C:\Users\esc\OneDrive\Documents\program analysis\program_analysis\java\original"/>
    <property name="java.vm.compressedOopsMode" value="Zero based"/>
    <property name="line.separator" value="&#10;"/>
    <property name="java.vm.specification.vendor" value="Oracle Corporation"/>
    <property name="java.specification.name" value="Java Platform API Specification"/>
    <property name="surefire.real.class.path" value="C:\Users\esc\AppData\Local\Temp\surefire8206613469430973471\surefirebooter-20241127201907341_3.jar"/>
    <property name="user.script" value=""/>
    <property name="sun.management.compiler" value="HotSpot 64-Bit Tiered Compilers"/>
    <property name="java.runtime.version" value="21.0.2+13-LTS-58"/>
    <property name="user.name" value="esc"/>
    <property name="stdout.encoding" value="Cp1252"/>
    <property name="path.separator" value=";"/>
    <property name="os.version" value="10.0"/>
    <property name="java.runtime.name" value="Java(TM) SE Runtime Environment"/>
    <property name="file.encoding" value="UTF-8"/>
    <property name="java.vm.name" value="Java HotSpot(TM) 64-Bit Server VM"/>
    <property name="localRepository" value="C:\Users\esc\.m2\repository"/>
    <property name="java.vendor.url.bug" value="https://bugreport.java.com/bugreport/"/>
    <property name="java.io.tmpdir" value="C:\Users\esc\AppData\Local\Temp\"/>
    <property name="java.version" value="21.0.2"/>
    <property name="user.dir" value="C:\Users\esc\OneDrive\Documents\program analysis\program_analysis\java\original"/>
    <property name="os.arch" value="amd64"/>
    <property name="java.vm.specification.name" value="Java Virtual Machine Specification"/>
    <property name="sun.os.patch.level" value=""/>
    <property name="native.encoding" value="Cp1252"/>
    <property name="java.library.path" value="C:\Program Files\Java\jdk-21\bin;C:\WINDOWS\Sun\Java\bin;C:\WINDOWS\system32;C:\WINDOWS;C:\Program Files\Java\jdk-21\bin;C:\Python312\Scripts\;C:\Python312\;%INTEL_DEV_REDIST%redist\intel64\compiler;C:\ProgramData\Oracle\Java\javapath;C:\WINDOWS\system32;C:\WINDOWS;C:\WINDOWS\System32\Wbem;C:\WINDOWS\System32\WindowsPowerShell\v1.0\;C:\WINDOWS\System32\OpenSSH\;C:\Program Files\Git\cmd;C:\Program Files\Microsoft SQL Server\Client SDK\ODBC\170\Tools\Binn\;C:\Program Files (x86)\Microsoft SQL Server\150\Tools\Binn\;C:\Program Files\Microsoft SQL Server\150\Tools\Binn\;C:\Program Files\Microsoft SQL Server\150\DTS\Binn\;C:\Program Files (x86)\Microsoft SQL Server\150\DTS\Binn\;C:\Program Files\Azure Data Studio\bin;C:\Program Files\dotnet\;C:\Program Files\Microsoft SQL Server\130\Tools\Binn\;C:\Program Files\k6\;C:\Program Files\Docker\Docker\resources\bin;C:\ProgramData\DockerDesktop\version-bin;C:\ProgramData\chocolatey\bin;C:\Program Files\nodejs\;C:\Users\esc\Downloads\ngrok-v3-stable-windows-amd64;C:\Users\esc\OneDrive\Documents\DTU\LogicForSecurity\ofmc2024\ofmc2024\executables\windows;;C:\sml\bin;C:\Users\esc\AppData\Local\Microsoft\WindowsApps;C:\Users\esc\AppData\Local\GitHubDesktop\bin;C:\Program Files\Inkscape\bin;C:\Program Files\Azure Data Studio\bin;C:\Users\esc\.dotnet\tools;C:\Users\esc\AppData\Local\Programs\Microsoft VS Code\bin;C:\Users\esc\AppData\Roaming\npm;C:\MinGW\bin;C:\Program Files\apache-maven-3.9.9\bin;;."/>
    <property name="java.vm.info" value="mixed mode, sharing"/>
    <property name="stderr.encoding" value="Cp1252"/>
    <property name="java.vendor" value="Oracle Corporation"/>
    <property name="java.vm.version" value="21.0.2+13-LTS-58"/>
    <property name="sun.io.unicode.encoding" value="UnicodeLittle"/>
    <property name="java.class.version" value="65.0"/>
  </properties>
  <testcase name="testTransferSuccess" classname="BankAccountTest" time="0.085">
    <system-out><![CDATA[CALL testTransferSuccess
CALL testTransferSuccess
CALL testTransferSuccess
CALL testTransferSuccess
CALL BankAccount
CALL BankAccount
CALL BankAccount
CALL BankAccount
CALL BankAccount
CALL BankAccount
CALL BankAccount
CALL BankAccount
CALL transfer
CALL transfer
CALL transfer
CALL transfer
CALL withdraw
CALL withdraw
CALL withdraw
CALL withdraw
CALL deposit
CALL deposit
CALL deposit
CALL deposit
CALL add
CALL add
CALL add
CALL add
CALL getBalance
CALL getBalance
CALL getBalance
CALL getBalance
]]></system-out>
  </testcase>
  <testcase name="testTransferInsufficientFunds" classname="BankAccountTest" time="0.008">
    <system-out><![CDATA[CALL testTransferInsufficientFunds
CALL testTransferInsufficientFunds
CALL testTransferInsufficientFunds
CALL testTransferInsufficientFunds
CALL BankAccount
CALL BankAccount
CALL BankAccount
CALL BankAccount
CALL BankAccount
CALL BankAccount
CALL BankAccount
CALL BankAccount
CALL transfer
CALL transfer
CALL transfer
CALL transfer
]]></system-out>
  </testcase>
  <testcase name="testSumPositiveBalances" classname="BankAccountTest" time="0.004">
    <system-out><![CDATA[CALL testSumPositiveBalances
CALL testSumPositiveBalances
CALL testSumPositiveBalances
CALL testSumPositiveBalances
CALL BankAccount
CALL BankAccount
CALL BankAccount
CALL BankAccount
CALL BankAccount
CALL BankAccount
CALL BankAccount
CALL BankAccount
CALL BankAccount
CALL BankAccount
CALL BankAccount
CALL BankAccount
CALL BankAccount
CALL BankAccount
CALL BankAccount
CALL BankAccount
CALL sumPositiveBalances
CALL sumPositiveBalances
CALL sumPositiveBalances
CALL sumPositiveBalances
CALL getBalance
CALL getBalance
CALL getBalance
CALL getBalance
CALL getBalance
CALL getBalance
CALL getBalance
CALL getBalance
CALL getBalance
CALL getBalance
CALL getBalance
CALL getBalance
CALL getBalance
CALL getBalance
CALL getBalance
CALL getBalance
CALL getBalance
CALL getBalance
CALL getBalance
CALL getBalance
CALL getBalance
CALL getBalance
CALL getBalance
CALL getBalance
]]></system-out>
  </testcase>
  <testcase name="testGetAccountSummary" classname="BankAccountTest" time="0.02">
    <system-out><![CDATA[CALL testGetAccountSummary
CALL testGetAccountSummary
CALL testGetAccountSummary
CALL testGetAccountSummary
CALL BankAccount
CALL BankAccount
CALL BankAccount
CALL BankAccount
CALL getAccountSummary
CALL getAccountSummary
CALL getAccountSummary
CALL getAccountSummary
CALL deposit
CALL deposit
CALL deposit
CALL deposit
CALL add
CALL add
CALL add
CALL add
CALL getAccountSummary
CALL getAccountSummary
CALL getAccountSummary
CALL getAccountSummary
CALL withdraw
CALL withdraw
CALL withdraw
CALL withdraw
CALL getAccountSummary
CALL getAccountSummary
CALL getAccountSummary
CALL getAccountSummary
]]></system-out>
  </testcase>
  <testcase name="testDeposit" classname="BankAccountTest" time="0.003">
    <system-out><![CDATA[CALL testDeposit
CALL testDeposit
CALL testDeposit
CALL testDeposit
CALL BankAccount
CALL BankAccount
CALL BankAccount
CALL BankAccount
CALL deposit
CALL deposit
CALL deposit
CALL deposit
CALL add
CALL add
CALL add
CALL add
CALL getBalance
CALL getBalance
CALL getBalance
CALL getBalance
]]></system-out>
  </testcase>
  <testcase name="testCalculateInterestDivideByZero" classname="BankAccountTest" time="0.008">
    <system-out><![CDATA[CALL testCalculateInterestDivideByZero
CALL testCalculateInterestDivideByZero
CALL testCalculateInterestDivideByZero
CALL testCalculateInterestDivideByZero
CALL BankAccount
CALL BankAccount
CALL BankAccount
CALL BankAccount
CALL calculateInterest
CALL calculateInterest
CALL calculateInterest
CALL calculateInterest
]]></system-out>
  </testcase>
</testsuite>