<?xml version="1.0" encoding="UTF-8"?>
<testsuite xmlns:xsi="http://www.w3.org/2001/XMLSchema-instance" xsi:noNamespaceSchemaLocation="https://maven.apache.org/surefire/maven-surefire-plugin/xsd/surefire-test-report-3.0.xsd" version="3.0" name="BankAccountTest" time="0.248" tests="6" errors="0" skipped="0" failures="0">
  <properties>
    <property name="java.specification.version" value="17"/>
    <property name="sun.cpu.isalist" value="amd64"/>
    <property name="sun.jnu.encoding" value="Cp1252"/>
    <property name="java.class.path" value="C:\Users\victo\Desktop\DTU\Autumn_24\Program Analysis\Project_Git\program_analysis\java\modified\target\test-classes;C:\Users\victo\Desktop\DTU\Autumn_24\Program Analysis\Project_Git\program_analysis\java\modified\target\classes;C:\Users\victo\.m2\repository\org\junit\jupiter\junit-jupiter-api\5.8.2\junit-jupiter-api-5.8.2.jar;C:\Users\victo\.m2\repository\org\opentest4j\opentest4j\1.2.0\opentest4j-1.2.0.jar;C:\Users\victo\.m2\repository\org\junit\platform\junit-platform-commons\1.8.2\junit-platform-commons-1.8.2.jar;C:\Users\victo\.m2\repository\org\apiguardian\apiguardian-api\1.1.2\apiguardian-api-1.1.2.jar;C:\Users\victo\.m2\repository\org\junit\jupiter\junit-jupiter-engine\5.8.2\junit-jupiter-engine-5.8.2.jar;C:\Users\victo\.m2\repository\org\junit\platform\junit-platform-engine\1.8.2\junit-platform-engine-1.8.2.jar;"/>
    <property name="java.vm.vendor" value="Oracle Corporation"/>
    <property name="sun.arch.data.model" value="64"/>
    <property name="user.variant" value=""/>
    <property name="java.vendor.url" value="https://java.oracle.com/"/>
    <property name="user.timezone" value="Europe/Paris"/>
    <property name="os.name" value="Windows 10"/>
    <property name="java.vm.specification.version" value="17"/>
    <property name="sun.java.launcher" value="SUN_STANDARD"/>
    <property name="user.country" value="BR"/>
    <property name="sun.boot.library.path" value="C:\Program Files\Java\jdk-17\bin"/>
    <property name="sun.java.command" value="C:\Users\victo\AppData\Local\Temp\surefire8781412570834993636\surefirebooter-20241128123521451_3.jar C:\Users\victo\AppData\Local\Temp\surefire8781412570834993636 2024-11-28T12-35-20_391-jvmRun1 surefire-20241128123521451_1tmp surefire_0-20241128123521451_2tmp"/>
    <property name="jdk.debug" value="release"/>
    <property name="surefire.test.class.path" value="C:\Users\victo\Desktop\DTU\Autumn_24\Program Analysis\Project_Git\program_analysis\java\modified\target\test-classes;C:\Users\victo\Desktop\DTU\Autumn_24\Program Analysis\Project_Git\program_analysis\java\modified\target\classes;C:\Users\victo\.m2\repository\org\junit\jupiter\junit-jupiter-api\5.8.2\junit-jupiter-api-5.8.2.jar;C:\Users\victo\.m2\repository\org\opentest4j\opentest4j\1.2.0\opentest4j-1.2.0.jar;C:\Users\victo\.m2\repository\org\junit\platform\junit-platform-commons\1.8.2\junit-platform-commons-1.8.2.jar;C:\Users\victo\.m2\repository\org\apiguardian\apiguardian-api\1.1.2\apiguardian-api-1.1.2.jar;C:\Users\victo\.m2\repository\org\junit\jupiter\junit-jupiter-engine\5.8.2\junit-jupiter-engine-5.8.2.jar;C:\Users\victo\.m2\repository\org\junit\platform\junit-platform-engine\1.8.2\junit-platform-engine-1.8.2.jar;"/>
    <property name="sun.cpu.endian" value="little"/>
    <property name="user.home" value="C:\Users\victo"/>
    <property name="user.language" value="pt"/>
    <property name="java.specification.vendor" value="Oracle Corporation"/>
    <property name="java.version.date" value="2024-01-16"/>
    <property name="java.home" value="C:\Program Files\Java\jdk-17"/>
    <property name="file.separator" value="\"/>
    <property name="basedir" value="C:\Users\victo\Desktop\DTU\Autumn_24\Program Analysis\Project_Git\program_analysis\java\modified"/>
    <property name="java.vm.compressedOopsMode" value="32-bit"/>
    <property name="line.separator" value="&#10;"/>
    <property name="java.vm.specification.vendor" value="Oracle Corporation"/>
    <property name="java.specification.name" value="Java Platform API Specification"/>
    <property name="surefire.real.class.path" value="C:\Users\victo\AppData\Local\Temp\surefire8781412570834993636\surefirebooter-20241128123521451_3.jar"/>
    <property name="user.script" value=""/>
    <property name="sun.management.compiler" value="HotSpot 64-Bit Tiered Compilers"/>
    <property name="java.runtime.version" value="17.0.10+11-LTS-240"/>
    <property name="user.name" value="victo"/>
    <property name="path.separator" value=";"/>
    <property name="os.version" value="10.0"/>
    <property name="java.runtime.name" value="Java(TM) SE Runtime Environment"/>
    <property name="file.encoding" value="Cp1252"/>
    <property name="java.vm.name" value="Java HotSpot(TM) 64-Bit Server VM"/>
    <property name="localRepository" value="C:\Users\victo\.m2\repository"/>
    <property name="java.vendor.url.bug" value="https://bugreport.java.com/bugreport/"/>
    <property name="java.io.tmpdir" value="C:\Users\victo\AppData\Local\Temp\"/>
    <property name="java.version" value="17.0.10"/>
    <property name="user.dir" value="C:\Users\victo\Desktop\DTU\Autumn_24\Program Analysis\Project_Git\program_analysis\java\modified"/>
    <property name="os.arch" value="amd64"/>
    <property name="java.vm.specification.name" value="Java Virtual Machine Specification"/>
    <property name="sun.os.patch.level" value=""/>
    <property name="native.encoding" value="Cp1252"/>
    <property name="java.library.path" value="C:\Program Files\Java\jdk-17\bin;C:\WINDOWS\Sun\Java\bin;C:\WINDOWS\system32;C:\WINDOWS;C:\Program Files\Oculus\Support\oculus-runtime;C:\Ruby32-x64\bin;C:\Program Files\NVIDIA GPU Computing Toolkit\CUDA\v10.1\bin;C:\Program Files\NVIDIA GPU Computing Toolkit\CUDA\v10.1\libnvvp;C:\Program Files\NVIDIA GPU Computing Toolkit\CUDA\v11.3\bin;C:\Program Files\NVIDIA GPU Computing Toolkit\CUDA\v11.3\libnvvp;C:\Program Files\Common Files\Oracle\Java\javapath;C:\Program Files (x86)\Common Files\Oracle\Java\java8path;C:\Program Files (x86)\Common Files\Oracle\Java\javapath;C:\ProgramData\watcom-1.3\binnt;C:\ProgramData\watcom-1.3\binw;C:\Python\Python38\Scripts\;C:\Python\Python38\;C:\Python\Python38-32\Scripts\;C:\Python\Python38-32\;C:\Program Files (x86)\Intel\iCLS Client\;C:\Program Files\Intel\iCLS Client\;C:\Windows\system32;C:\Windows;C:\Windows\System32\Wbem;C:\Windows\System32\WindowsPowerShell\v1.0\;C:\Program Files (x86)\Intel\Intel(R) Management Engine Components\DAL;C:\Program Files\Intel\Intel(R) Management Engine Components\DAL;C:\Program Files (x86)\Intel\Intel(R) Management Engine Components\IPT;C:\Program Files\Intel\Intel(R) Management Engine Components\IPT;C:\Program Files (x86)\NVIDIA Corporation\PhysX\Common;C:\WINDOWS\system32;C:\WINDOWS;C:\WINDOWS\System32\Wbem;C:\WINDOWS\System32\WindowsPowerShell\v1.0\;C:\WINDOWS\System32\OpenSSH\;C:\Program Files\Git\cmd;C:\MinGW\bin;C:\Program Files\MATLAB\R2020b\bin;C:\Program Files\NVIDIA Corporation\Nsight Compute 2021.1.0\;C:\Program Files\nodejs\;C:\Program Files\dotnet\;C:\Program Files\Calibre2\;C:\sml\bin;C:\raise\rsl;C:\Users\victo\AppData\Local\Programs\Python\Python310;C:\Users\victo\AppData\Local\Programs\Python\Python310\Scripts\;C:\ghcup\bin;C:\Program Files\MySQL\MySQL Shell 8.0\bin\;C:\Users\victo\AppData\Local\Microsoft\WindowsApps;C:\Users\victo\AppData\Local\Programs\Microsoft VS Code\bin;C:\Users\victo\AppData\Local\gitkraken\bin;C:\Python\Python38\Scripts;C:\Program Files\JetBrains\PyCharm Community Edition 2021.1.1\bin;;C:\Program Files\JetBrains\IntelliJ IDEA Community Edition 2021.3.1\bin;;C:\Users\victo\AppData\Local\GitHubDesktop\bin;C:\Users\victo\AppData\Local\Android\Sdk\platform-tools;C:\Users\victo\AppData\Local\Android\Sdk\tools;C:\Users\victo\AppData\Roaming\npm;C:\Users\victo\.dotnet\tools;C:\Users\victo\AppData\Local\Programs\MiKTeX\miktex\bin\x64\;C:\ghcup\bin;C:\Program Files\JetBrains\IntelliJ IDEA 2024.2.4\bin;;C:\Ruby32-x64\bin;."/>
    <property name="java.vm.info" value="mixed mode, sharing"/>
    <property name="java.vendor" value="Oracle Corporation"/>
    <property name="java.vm.version" value="17.0.10+11-LTS-240"/>
    <property name="sun.io.unicode.encoding" value="UnicodeLittle"/>
    <property name="java.class.version" value="61.0"/>
  </properties>
  <testcase name="testTransferSuccess" classname="BankAccountTest" time="0.127">
    <system-out><![CDATA[CALL BankAccount.BankAccount
CALL BankAccount.BankAccount
CALL BankAccount.transfer
CALL BankAccount.withdraw
CALL BankAccount.deposit
CALL BankAccount.add
CALL BankAccount.getBalance
Current balance: 100.0
]]></system-out>
  </testcase>
  <testcase name="testTransferInsufficientFunds" classname="BankAccountTest" time="0.004">
    <system-out><![CDATA[CALL BankAccount.BankAccount
CALL BankAccount.BankAccount
CALL BankAccount.transfer
]]></system-out>
  </testcase>
  <testcase name="testSumPositiveBalances" classname="BankAccountTest" time="0.006">
    <system-out><![CDATA[CALL BankAccount.BankAccount
CALL BankAccount.BankAccount
CALL BankAccount.BankAccount
CALL BankAccount.BankAccount
CALL BankAccount.sumPositiveBalances
CALL BankAccount.getBalance
Current balance: 100.0
CALL BankAccount.getBalance
Current balance: 100.0
CALL BankAccount.getBalance
Current balance: -50.0
CALL BankAccount.getBalance
Current balance: 200.0
CALL BankAccount.getBalance
Current balance: 200.0
CALL BankAccount.getBalance
Current balance: 0.0
]]></system-out>
  </testcase>
  <testcase name="testGetAccountSummary" classname="BankAccountTest" time="0.024">
    <system-out><![CDATA[CALL BankAccount.BankAccount
CALL BankAccount.getAccountSummary
CALL BankAccount.deposit
CALL BankAccount.add
CALL BankAccount.getAccountSummary
CALL BankAccount.withdraw
CALL BankAccount.getAccountSummary
]]></system-out>
  </testcase>
  <testcase name="testDeposit" classname="BankAccountTest" time="0.004">
    <system-out><![CDATA[CALL BankAccount.BankAccount
CALL BankAccount.deposit
CALL BankAccount.add
CALL BankAccount.getBalance
Current balance: 150.0
]]></system-out>
  </testcase>
  <testcase name="testCalculateInterestDivideByZero" classname="BankAccountTest" time="0.008">
    <system-out><![CDATA[CALL BankAccount.BankAccount
CALL BankAccount.calculateInterest
]]></system-out>
  </testcase>
</testsuite>